<?xml version="1.0" encoding="utf-8"?><testsuites name="pytest tests"><testsuite name="pytest" errors="0" failures="0" skipped="0" tests="16" time="130.296" timestamp="2026-06-23T13:59:27.357689+00:00" hostname="agent-env-e9d4fd08-14fc-4566-9f1e-ec0ad9c30326"><testcase classname="backend.tests.test_researchmind" name="test_health" time="0.206" /><testcase classname="backend.tests.test_researchmind" name="test_login" time="0.561" /><testcase classname="backend.tests.test_researchmind" name="test_login_wrong_password" time="0.267" /><testcase classname="backend.tests.test_researchmind" name="test_me" time="0.047" /><testcase classname="backend.tests.test_researchmind" name="test_register_duplicate" time="0.046" /><testcase classname="backend.tests.test_researchmind" name="test_list_documents" time="0.291" /><testcase classname="backend.tests.test_researchmind" name="test_get_document" time="0.052" /><testcase classname="backend.tests.test_researchmind" name="test_unauthenticated" time="0.043" /><testcase classname="backend.tests.test_researchmind" name="test_chat_send" time="3.188" /><testcase classname="backend.tests.test_researchmind" name="test_search" time="0.139" /><testcase classname="backend.tests.test_researchmind" name="test_clusters" time="7.737" /><testcase classname="backend.tests.test_researchmind" name="test_knowledge_graph" time="12.316" /><testcase classname="backend.tests.test_researchmind" name="test_literature_review" time="53.506" /><testcase classname="backend.tests.test_researchmind" name="test_research_gaps" time="14.816" /><testcase classname="backend.tests.test_researchmind" name="test_hypothesis" time="36.711" /><testcase classname="backend.tests.test_researchmind" name="test_delete_document" time="0.261" /></testsuite></testsuites>